
  .   ____          _            __ _ _
 /\\ / ___'_ __ _ _(_)_ __  __ _ \ \ \ \
( ( )\___ | '_ | '_| | '_ \/ _` | \ \ \ \
 \\/  ___)| |_)| | | | | || (_| |  ) ) ) )
  '  |____| .__|_| |_|_| |_\__, | / / / /
 =========|_|==============|___/=/_/_/_/
 :: Spring Boot ::                (v3.2.3)

2026-03-07T15:09:15.612+07:00  INFO 29156 --- [attendance-service] [           main] c.t.a.AttendanceServiceApplication       : Starting AttendanceServiceApplication v1.0.0-SNAPSHOT using Java 25.0.1 with PID 29156 (C:\Vp\dev\the-garment\backend\attendance-service\target\attendance-service-1.0.0-SNAPSHOT.jar started by Dell in C:\Vp\dev\the-garment\backend)
2026-03-07T15:09:15.619+07:00  INFO 29156 --- [attendance-service] [           main] c.t.a.AttendanceServiceApplication       : No active profile set, falling back to 1 default profile: "default"
2026-03-07T15:09:18.006+07:00  INFO 29156 --- [attendance-service] [           main] .s.d.r.c.RepositoryConfigurationDelegate : Bootstrapping Spring Data JPA repositories in DEFAULT mode.
2026-03-07T15:09:18.189+07:00  INFO 29156 --- [attendance-service] [           main] .s.d.r.c.RepositoryConfigurationDelegate : Finished Spring Data repository scanning in 150 ms. Found 5 JPA repository interfaces.
WARNING: A restricted method in java.lang.System has been called
WARNING: java.lang.System::load has been called by org.apache.tomcat.jni.Library in an unnamed module (jar:nested:/C:/Vp/dev/the-garment/backend/attendance-service/target/attendance-service-1.0.0-SNAPSHOT.jar/!BOOT-INF/lib/tomcat-embed-core-10.1.19.jar!/)
WARNING: Use --enable-native-access=ALL-UNNAMED to avoid a warning for callers in this module
WARNING: Restricted methods will be blocked in a future release unless native access is enabled

2026-03-07T15:09:19.827+07:00  INFO 29156 --- [attendance-service] [           main] o.s.b.w.embedded.tomcat.TomcatWebServer  : Tomcat initialized with port 8083 (http)
2026-03-07T15:09:19.865+07:00  INFO 29156 --- [attendance-service] [           main] o.apache.catalina.core.StandardService   : Starting service [Tomcat]
2026-03-07T15:09:19.866+07:00  INFO 29156 --- [attendance-service] [           main] o.apache.catalina.core.StandardEngine    : Starting Servlet engine: [Apache Tomcat/10.1.19]
2026-03-07T15:09:20.012+07:00  INFO 29156 --- [attendance-service] [           main] o.a.c.c.C.[Tomcat].[localhost].[/]       : Initializing Spring embedded WebApplicationContext
2026-03-07T15:09:20.013+07:00  INFO 29156 --- [attendance-service] [           main] w.s.c.ServletWebServerApplicationContext : Root WebApplicationContext: initialization completed in 4221 ms
2026-03-07T15:09:20.772+07:00  INFO 29156 --- [attendance-service] [           main] com.zaxxer.hikari.HikariDataSource       : HikariPool-1 - Starting...
2026-03-07T15:09:21.183+07:00  INFO 29156 --- [attendance-service] [           main] com.zaxxer.hikari.pool.HikariPool        : HikariPool-1 - Added connection org.postgresql.jdbc.PgConnection@586cc15d
2026-03-07T15:09:21.186+07:00  INFO 29156 --- [attendance-service] [           main] com.zaxxer.hikari.HikariDataSource       : HikariPool-1 - Start completed.
2026-03-07T15:09:21.227+07:00  INFO 29156 --- [attendance-service] [           main] org.flywaydb.core.FlywayExecutor         : Database: jdbc:postgresql://localhost:5432/dbTheGarment (PostgreSQL 18.1)
2026-03-07T15:09:21.246+07:00  WARN 29156 --- [attendance-service] [           main] o.f.c.internal.database.base.Database    : Flyway upgrade recommended: PostgreSQL 18.1 is newer than this version of Flyway and support has not been tested. The latest supported version of PostgreSQL is 16.
2026-03-07T15:09:21.315+07:00  INFO 29156 --- [attendance-service] [           main] o.f.core.internal.command.DbValidate     : Successfully validated 1 migration (execution time 00:00.048s)
2026-03-07T15:09:21.450+07:00  INFO 29156 --- [attendance-service] [           main] o.f.core.internal.command.DbMigrate      : Current version of schema "public": 1
2026-03-07T15:09:21.458+07:00  INFO 29156 --- [attendance-service] [           main] o.f.core.internal.command.DbMigrate      : Schema "public" is up to date. No migration necessary.
2026-03-07T15:09:21.718+07:00  INFO 29156 --- [attendance-service] [           main] o.hibernate.jpa.internal.util.LogHelper  : HHH000204: Processing PersistenceUnitInfo [name: default]
2026-03-07T15:09:21.924+07:00  INFO 29156 --- [attendance-service] [           main] org.hibernate.Version                    : HHH000412: Hibernate ORM core version 6.4.4.Final
2026-03-07T15:09:22.122+07:00  INFO 29156 --- [attendance-service] [           main] o.h.c.internal.RegionFactoryInitiator    : HHH000026: Second-level cache disabled
2026-03-07T15:09:22.859+07:00  INFO 29156 --- [attendance-service] [           main] o.s.o.j.p.SpringPersistenceUnitInfo      : No LoadTimeWeaver setup: ignoring JPA class transformer
2026-03-07T15:09:22.985+07:00  WARN 29156 --- [attendance-service] [           main] org.hibernate.orm.deprecation            : HHH90000025: PostgreSQLDialect does not need to be specified explicitly using 'hibernate.dialect' (remove the property setting and it will be selected by default)
2026-03-07T15:09:25.763+07:00  INFO 29156 --- [attendance-service] [           main] o.h.e.t.j.p.i.JtaPlatformInitiator       : HHH000489: No JTA platform available (set 'hibernate.transaction.jta.platform' to enable JTA platform integration)
2026-03-07T15:09:25.772+07:00  INFO 29156 --- [attendance-service] [           main] j.LocalContainerEntityManagerFactoryBean : Initialized JPA EntityManagerFactory for persistence unit 'default'
2026-03-07T15:09:26.685+07:00  INFO 29156 --- [attendance-service] [           main] o.s.d.j.r.query.QueryEnhancerFactory     : Hibernate is in classpath; If applicable, HQL parser will be used.
2026-03-07T15:09:27.721+07:00  WARN 29156 --- [attendance-service] [           main] JpaBaseConfiguration$JpaWebConfiguration : spring.jpa.open-in-view is enabled by default. Therefore, database queries may be performed during view rendering. Explicitly configure spring.jpa.open-in-view to disable this warning
2026-03-07T15:09:27.751+07:00  WARN 29156 --- [attendance-service] [           main] .s.s.UserDetailsServiceAutoConfiguration : 

Using generated security password: d1b48232-27e9-4a68-88da-fe8e981e2e2d

This generated password is for development use only. Your security configuration must be updated before running your application in production.

2026-03-07T15:09:28.149+07:00  INFO 29156 --- [attendance-service] [           main] o.s.s.web.DefaultSecurityFilterChain     : Will secure any request with [org.springframework.security.web.session.DisableEncodeUrlFilter@73174f4f, org.springframework.security.web.context.request.async.WebAsyncManagerIntegrationFilter@6b27363b, org.springframework.security.web.context.SecurityContextHolderFilter@57497703, org.springframework.security.web.header.HeaderWriterFilter@7427c8d4, org.springframework.web.filter.CorsFilter@6965f207, org.springframework.security.web.authentication.logout.LogoutFilter@29db6eb1, com.thegarment.attendance.security.GatewayAuthFilter@413bef78, org.springframework.security.web.savedrequest.RequestCacheAwareFilter@399faad3, org.springframework.security.web.servletapi.SecurityContextHolderAwareRequestFilter@1f9df722, org.springframework.security.web.authentication.AnonymousAuthenticationFilter@56b972a8, org.springframework.security.web.session.SessionManagementFilter@35e59c13, org.springframework.security.web.access.ExceptionTranslationFilter@774cc4a9, org.springframework.security.web.access.intercept.AuthorizationFilter@8921749]
2026-03-07T15:09:28.618+07:00  INFO 29156 --- [attendance-service] [           main] o.s.b.w.embedded.tomcat.TomcatWebServer  : Tomcat started on port 8083 (http) with context path ''
2026-03-07T15:09:28.634+07:00  INFO 29156 --- [attendance-service] [           main] c.t.a.AttendanceServiceApplication       : Started AttendanceServiceApplication in 14.121 seconds (process running for 14.999)
