
  .   ____          _            __ _ _
 /\\ / ___'_ __ _ _(_)_ __  __ _ \ \ \ \
( ( )\___ | '_ | '_| | '_ \/ _` | \ \ \ \
 \\/  ___)| |_)| | | | | || (_| |  ) ) ) )
  '  |____| .__|_| |_|_| |_\__, | / / / /
 =========|_|==============|___/=/_/_/_/
 :: Spring Boot ::                (v3.2.3)

2026-03-07T15:09:17.174+07:00  INFO 11444 --- [report-service] [           main] c.t.report.ReportServiceApplication      : Starting ReportServiceApplication v1.0.0-SNAPSHOT using Java 25.0.1 with PID 11444 (C:\Vp\dev\the-garment\backend\report-service\target\report-service-1.0.0-SNAPSHOT.jar started by Dell in C:\Vp\dev\the-garment\backend)
2026-03-07T15:09:17.181+07:00  INFO 11444 --- [report-service] [           main] c.t.report.ReportServiceApplication      : No active profile set, falling back to 1 default profile: "default"
2026-03-07T15:09:19.766+07:00  INFO 11444 --- [report-service] [           main] .s.d.r.c.RepositoryConfigurationDelegate : Bootstrapping Spring Data JPA repositories in DEFAULT mode.
2026-03-07T15:09:19.814+07:00  INFO 11444 --- [report-service] [           main] .s.d.r.c.RepositoryConfigurationDelegate : Finished Spring Data repository scanning in 29 ms. Found 0 JPA repository interfaces.
WARNING: A restricted method in java.lang.System has been called
WARNING: java.lang.System::load has been called by org.apache.tomcat.jni.Library in an unnamed module (jar:nested:/C:/Vp/dev/the-garment/backend/report-service/target/report-service-1.0.0-SNAPSHOT.jar/!BOOT-INF/lib/tomcat-embed-core-10.1.19.jar!/)
WARNING: Use --enable-native-access=ALL-UNNAMED to avoid a warning for callers in this module
WARNING: Restricted methods will be blocked in a future release unless native access is enabled

2026-03-07T15:09:21.619+07:00  INFO 11444 --- [report-service] [           main] o.s.b.w.embedded.tomcat.TomcatWebServer  : Tomcat initialized with port 8085 (http)
2026-03-07T15:09:21.655+07:00  INFO 11444 --- [report-service] [           main] o.apache.catalina.core.StandardService   : Starting service [Tomcat]
2026-03-07T15:09:21.656+07:00  INFO 11444 --- [report-service] [           main] o.apache.catalina.core.StandardEngine    : Starting Servlet engine: [Apache Tomcat/10.1.19]
2026-03-07T15:09:21.737+07:00  INFO 11444 --- [report-service] [           main] o.a.c.c.C.[Tomcat].[localhost].[/]       : Initializing Spring embedded WebApplicationContext
2026-03-07T15:09:21.738+07:00  INFO 11444 --- [report-service] [           main] w.s.c.ServletWebServerApplicationContext : Root WebApplicationContext: initialization completed in 4379 ms
2026-03-07T15:09:22.291+07:00  INFO 11444 --- [report-service] [           main] o.hibernate.jpa.internal.util.LogHelper  : HHH000204: Processing PersistenceUnitInfo [name: default]
2026-03-07T15:09:22.468+07:00  INFO 11444 --- [report-service] [           main] org.hibernate.Version                    : HHH000412: Hibernate ORM core version 6.4.4.Final
2026-03-07T15:09:22.578+07:00  INFO 11444 --- [report-service] [           main] o.h.c.internal.RegionFactoryInitiator    : HHH000026: Second-level cache disabled
2026-03-07T15:09:23.190+07:00  INFO 11444 --- [report-service] [           main] o.s.o.j.p.SpringPersistenceUnitInfo      : No LoadTimeWeaver setup: ignoring JPA class transformer
2026-03-07T15:09:23.269+07:00  INFO 11444 --- [report-service] [           main] com.zaxxer.hikari.HikariDataSource       : HikariPool-1 - Starting...
2026-03-07T15:09:23.685+07:00  INFO 11444 --- [report-service] [           main] com.zaxxer.hikari.pool.HikariPool        : HikariPool-1 - Added connection org.postgresql.jdbc.PgConnection@3b3056a6
2026-03-07T15:09:23.689+07:00  INFO 11444 --- [report-service] [           main] com.zaxxer.hikari.HikariDataSource       : HikariPool-1 - Start completed.
2026-03-07T15:09:24.509+07:00  INFO 11444 --- [report-service] [           main] o.h.e.t.j.p.i.JtaPlatformInitiator       : HHH000489: No JTA platform available (set 'hibernate.transaction.jta.platform' to enable JTA platform integration)
2026-03-07T15:09:24.551+07:00  INFO 11444 --- [report-service] [           main] j.LocalContainerEntityManagerFactoryBean : Initialized JPA EntityManagerFactory for persistence unit 'default'
2026-03-07T15:09:25.043+07:00  WARN 11444 --- [report-service] [           main] JpaBaseConfiguration$JpaWebConfiguration : spring.jpa.open-in-view is enabled by default. Therefore, database queries may be performed during view rendering. Explicitly configure spring.jpa.open-in-view to disable this warning
2026-03-07T15:09:26.216+07:00  WARN 11444 --- [report-service] [           main] .s.s.UserDetailsServiceAutoConfiguration : 

Using generated security password: 3dd26667-df7e-45a5-b0af-27ca4ef0607c

This generated password is for development use only. Your security configuration must be updated before running your application in production.

2026-03-07T15:09:26.459+07:00  INFO 11444 --- [report-service] [           main] o.s.s.web.DefaultSecurityFilterChain     : Will secure any request with [org.springframework.security.web.session.DisableEncodeUrlFilter@cea67b1, org.springframework.security.web.context.request.async.WebAsyncManagerIntegrationFilter@5d98364c, org.springframework.security.web.context.SecurityContextHolderFilter@391e5ffa, org.springframework.security.web.header.HeaderWriterFilter@2e030cc1, org.springframework.web.filter.CorsFilter@23d23d98, org.springframework.security.web.csrf.CsrfFilter@7bde704a, org.springframework.security.web.authentication.logout.LogoutFilter@d02c00, org.springframework.security.web.authentication.UsernamePasswordAuthenticationFilter@2befb16f, org.springframework.security.web.authentication.ui.DefaultLoginPageGeneratingFilter@7836c79, org.springframework.security.web.authentication.ui.DefaultLogoutPageGeneratingFilter@1fd35a92, org.springframework.security.web.authentication.www.BasicAuthenticationFilter@afb7b03, org.springframework.security.web.savedrequest.RequestCacheAwareFilter@470b5213, org.springframework.security.web.servletapi.SecurityContextHolderAwareRequestFilter@2fa2143d, org.springframework.security.web.authentication.AnonymousAuthenticationFilter@40db6136, org.springframework.security.web.access.ExceptionTranslationFilter@6549ce71, org.springframework.security.web.access.intercept.AuthorizationFilter@36cf6377]
2026-03-07T15:09:26.689+07:00  INFO 11444 --- [report-service] [           main] o.s.b.w.embedded.tomcat.TomcatWebServer  : Tomcat started on port 8085 (http) with context path ''
2026-03-07T15:09:26.710+07:00  INFO 11444 --- [report-service] [           main] c.t.report.ReportServiceApplication      : Started ReportServiceApplication in 10.652 seconds (process running for 11.708)
2026-03-07T15:12:32.031+07:00  INFO 11444 --- [report-service] [nio-8085-exec-4] o.a.c.c.C.[Tomcat].[localhost].[/]       : Initializing Spring DispatcherServlet 'dispatcherServlet'
2026-03-07T15:12:32.031+07:00  INFO 11444 --- [report-service] [nio-8085-exec-4] o.s.web.servlet.DispatcherServlet        : Initializing Servlet 'dispatcherServlet'
2026-03-07T15:12:32.033+07:00  INFO 11444 --- [report-service] [nio-8085-exec-4] o.s.web.servlet.DispatcherServlet        : Completed initialization in 1 ms
